<?xml version="1.0" encoding="UTF-8"?>
<testsuite xmlns:xsi="http://www.w3.org/2001/XMLSchema-instance" xsi:noNamespaceSchemaLocation="https://maven.apache.org/surefire/maven-surefire-plugin/xsd/surefire-test-report-3.0.xsd" version="3.0" name="com.brdaniel.budgetproject.AppTest" time="0.056" tests="1" errors="0" skipped="0" failures="0">
  <properties>
    <property name="java.specification.version" value="17"/>
    <property name="sun.cpu.isalist" value="amd64"/>
    <property name="sun.jnu.encoding" value="Cp1252"/>
    <property name="java.class.path" value="C:\Users\brdan\OneDrive\Documents\USCA\Spring 2025\Software Engineering\budget-project\target\test-classes;C:\Users\brdan\OneDrive\Documents\USCA\Spring 2025\Software Engineering\budget-project\target\classes;C:\Users\brdan\.m2\repository\org\junit\jupiter\junit-jupiter\5.11.3\junit-jupiter-5.11.3.jar;C:\Users\brdan\.m2\repository\org\junit\jupiter\junit-jupiter-api\5.11.3\junit-jupiter-api-5.11.3.jar;C:\Users\brdan\.m2\repository\org\opentest4j\opentest4j\1.3.0\opentest4j-1.3.0.jar;C:\Users\brdan\.m2\repository\org\junit\platform\junit-platform-commons\1.11.3\junit-platform-commons-1.11.3.jar;C:\Users\brdan\.m2\repository\org\apiguardian\apiguardian-api\1.1.2\apiguardian-api-1.1.2.jar;C:\Users\brdan\.m2\repository\org\junit\jupiter\junit-jupiter-params\5.11.3\junit-jupiter-params-5.11.3.jar;C:\Users\brdan\.m2\repository\org\junit\jupiter\junit-jupiter-engine\5.11.3\junit-jupiter-engine-5.11.3.jar;C:\Users\brdan\.m2\repository\org\junit\platform\junit-platform-engine\1.11.3\junit-platform-engine-1.11.3.jar;C:\Users\brdan\.m2\repository\org\projectlombok\lombok\1.18.30\lombok-1.18.30.jar;C:\Users\brdan\.m2\repository\org\openjfx\javafx-controls\17.0.9\javafx-controls-17.0.9.jar;C:\Users\brdan\.m2\repository\org\openjfx\javafx-controls\17.0.9\javafx-controls-17.0.9-win.jar;C:\Users\brdan\.m2\repository\org\openjfx\javafx-graphics\17.0.9\javafx-graphics-17.0.9.jar;C:\Users\brdan\.m2\repository\org\openjfx\javafx-graphics\17.0.9\javafx-graphics-17.0.9-win.jar;C:\Users\brdan\.m2\repository\org\openjfx\javafx-fxml\17.0.9\javafx-fxml-17.0.9.jar;C:\Users\brdan\.m2\repository\org\openjfx\javafx-fxml\17.0.9\javafx-fxml-17.0.9-win.jar;C:\Users\brdan\.m2\repository\org\openjfx\javafx-base\17.0.9\javafx-base-17.0.9.jar;C:\Users\brdan\.m2\repository\org\openjfx\javafx-base\17.0.9\javafx-base-17.0.9-win.jar;C:\Users\brdan\.m2\repository\org\xerial\sqlite-jdbc\3.49.1.0\sqlite-jdbc-3.49.1.0.jar;"/>
    <property name="java.vm.vendor" value="Oracle Corporation"/>
    <property name="sun.arch.data.model" value="64"/>
    <property name="user.variant" value=""/>
    <property name="java.vendor.url" value="https://java.oracle.com/"/>
    <property name="user.timezone" value="America/New_York"/>
    <property name="os.name" value="Windows 11"/>
    <property name="java.vm.specification.version" value="17"/>
    <property name="sun.java.launcher" value="SUN_STANDARD"/>
    <property name="user.country" value="US"/>
    <property name="sun.boot.library.path" value="C:\Program Files\Java\jdk-17\bin"/>
    <property name="sun.java.command" value="C:\Users\brdan\AppData\Local\Temp\surefire9874067117921088661\surefirebooter9162297216064769343.jar C:\Users\brdan\AppData\Local\Temp\surefire9874067117921088661 2025-04-22T14-32-30_230-jvmRun1 surefire6523852406253924778tmp surefire_017172505610652898327tmp"/>
    <property name="jdk.debug" value="release"/>
    <property name="surefire.test.class.path" value="C:\Users\brdan\OneDrive\Documents\USCA\Spring 2025\Software Engineering\budget-project\target\test-classes;C:\Users\brdan\OneDrive\Documents\USCA\Spring 2025\Software Engineering\budget-project\target\classes;C:\Users\brdan\.m2\repository\org\junit\jupiter\junit-jupiter\5.11.3\junit-jupiter-5.11.3.jar;C:\Users\brdan\.m2\repository\org\junit\jupiter\junit-jupiter-api\5.11.3\junit-jupiter-api-5.11.3.jar;C:\Users\brdan\.m2\repository\org\opentest4j\opentest4j\1.3.0\opentest4j-1.3.0.jar;C:\Users\brdan\.m2\repository\org\junit\platform\junit-platform-commons\1.11.3\junit-platform-commons-1.11.3.jar;C:\Users\brdan\.m2\repository\org\apiguardian\apiguardian-api\1.1.2\apiguardian-api-1.1.2.jar;C:\Users\brdan\.m2\repository\org\junit\jupiter\junit-jupiter-params\5.11.3\junit-jupiter-params-5.11.3.jar;C:\Users\brdan\.m2\repository\org\junit\jupiter\junit-jupiter-engine\5.11.3\junit-jupiter-engine-5.11.3.jar;C:\Users\brdan\.m2\repository\org\junit\platform\junit-platform-engine\1.11.3\junit-platform-engine-1.11.3.jar;C:\Users\brdan\.m2\repository\org\projectlombok\lombok\1.18.30\lombok-1.18.30.jar;C:\Users\brdan\.m2\repository\org\openjfx\javafx-controls\17.0.9\javafx-controls-17.0.9.jar;C:\Users\brdan\.m2\repository\org\openjfx\javafx-controls\17.0.9\javafx-controls-17.0.9-win.jar;C:\Users\brdan\.m2\repository\org\openjfx\javafx-graphics\17.0.9\javafx-graphics-17.0.9.jar;C:\Users\brdan\.m2\repository\org\openjfx\javafx-graphics\17.0.9\javafx-graphics-17.0.9-win.jar;C:\Users\brdan\.m2\repository\org\openjfx\javafx-fxml\17.0.9\javafx-fxml-17.0.9.jar;C:\Users\brdan\.m2\repository\org\openjfx\javafx-fxml\17.0.9\javafx-fxml-17.0.9-win.jar;C:\Users\brdan\.m2\repository\org\openjfx\javafx-base\17.0.9\javafx-base-17.0.9.jar;C:\Users\brdan\.m2\repository\org\openjfx\javafx-base\17.0.9\javafx-base-17.0.9-win.jar;C:\Users\brdan\.m2\repository\org\xerial\sqlite-jdbc\3.49.1.0\sqlite-jdbc-3.49.1.0.jar;"/>
    <property name="sun.cpu.endian" value="little"/>
    <property name="user.home" value="C:\Users\brdan"/>
    <property name="user.language" value="en"/>
    <property name="java.specification.vendor" value="Oracle Corporation"/>
    <property name="java.version.date" value="2023-10-17"/>
    <property name="java.home" value="C:\Program Files\Java\jdk-17"/>
    <property name="file.separator" value="\"/>
    <property name="basedir" value="C:\Users\brdan\OneDrive\Documents\USCA\Spring 2025\Software Engineering\budget-project"/>
    <property name="java.vm.compressedOopsMode" value="Zero based"/>
    <property name="line.separator" value="&#10;"/>
    <property name="java.vm.specification.vendor" value="Oracle Corporation"/>
    <property name="java.specification.name" value="Java Platform API Specification"/>
    <property name="surefire.real.class.path" value="C:\Users\brdan\AppData\Local\Temp\surefire9874067117921088661\surefirebooter9162297216064769343.jar"/>
    <property name="user.script" value=""/>
    <property name="sun.management.compiler" value="HotSpot 64-Bit Tiered Compilers"/>
    <property name="java.runtime.version" value="17.0.9+11-LTS-201"/>
    <property name="user.name" value="brdan"/>
    <property name="path.separator" value=";"/>
    <property name="os.version" value="10.0"/>
    <property name="java.runtime.name" value="Java(TM) SE Runtime Environment"/>
    <property name="file.encoding" value="Cp1252"/>
    <property name="java.vm.name" value="Java HotSpot(TM) 64-Bit Server VM"/>
    <property name="localRepository" value="C:\Users\brdan\.m2\repository"/>
    <property name="java.vendor.url.bug" value="https://bugreport.java.com/bugreport/"/>
    <property name="java.io.tmpdir" value="C:\Users\brdan\AppData\Local\Temp\"/>
    <property name="java.version" value="17.0.9"/>
    <property name="user.dir" value="C:\Users\brdan\OneDrive\Documents\USCA\Spring 2025\Software Engineering\budget-project"/>
    <property name="os.arch" value="amd64"/>
    <property name="java.vm.specification.name" value="Java Virtual Machine Specification"/>
    <property name="sun.os.patch.level" value=""/>
    <property name="native.encoding" value="Cp1252"/>
    <property name="java.library.path" value="C:\Program Files\Java\jdk-17\bin;C:\WINDOWS\Sun\Java\bin;C:\WINDOWS\system32;C:\WINDOWS;C:\Program Files\Common Files\Oracle\Java\javapath;C:\WINDOWS\system32;C:\WINDOWS;C:\WINDOWS\System32\Wbem;C:\WINDOWS\System32\WindowsPowerShell\v1.0\;C:\WINDOWS\System32\OpenSSH\;C:\Program Files\HP\HP One Agent;C:\Program Files\PuTTY\;C:\Program Files\Git\cmd;C:\WINDOWS\system32;C:\WINDOWS;C:\WINDOWS\System32\Wbem;C:\WINDOWS\System32\WindowsPowerShell\v1.0\;C:\WINDOWS\System32\OpenSSH\;C:\Program Files\Java\jdk-17\bin;C:\Program Files\Apache\Maven\apache-maven-3.9.9\bin;C:\Users\brdan\AppData\Local\Programs\Python\Launcher\;C:\Users\brdan\AppData\Local\Microsoft\WindowsApps;C:\Program Files\JetBrains\PyCharm 2023.2.1\bin;C:\Users\brdan\AppData\Local\GitHubDesktop\bin;C:\Program Files\JetBrains\CLion 2024.2\bin;;C:\Users\brdan\AppData\Local\JetBrains\Toolbox\scripts;;C:\Users\brdan\AppData\Local\Microsoft\WindowsApps;C:\Users\brdan\AppData\Local\Programs\Microsoft VS Code\bin;."/>
    <property name="java.vm.info" value="mixed mode, sharing"/>
    <property name="java.vendor" value="Oracle Corporation"/>
    <property name="java.vm.version" value="17.0.9+11-LTS-201"/>
    <property name="sun.io.unicode.encoding" value="UnicodeLittle"/>
    <property name="java.class.version" value="61.0"/>
  </properties>
  <testcase name="testGuiLoading" classname="com.brdaniel.budgetproject.AppTest" time="0.032"/>
</testsuite>